Analysis & Synthesis report for mimaqi_hxh
Sat Apr 11 22:59:27 2015
Quartus II Version 9.0 Build 235 06/17/2009 Service Pack 2 SJ Full Version


---------------------
; Table of Contents ;
---------------------
  1. Legal Notice
  2. Analysis & Synthesis Summary
  3. Analysis & Synthesis Settings
  4. Analysis & Synthesis Source Files Read
  5. Analysis & Synthesis Resource Usage Summary
  6. Analysis & Synthesis Resource Utilization by Entity
  7. Analysis & Synthesis RAM Summary
  8. State Machine - |mimaqi_hxh|jianpandujianma:A3|state
  9. Registers Removed During Synthesis
 10. Removed Registers Triggering Further Register Optimizations
 11. General Register Statistics
 12. Inverted Register Statistics
 13. Registers Packed Into Inferred Megafunctions
 14. Multiplexer Restructuring Statistics (Restructuring Performed)
 15. Source assignments for jianpandujianma:A3|altsyncram:WideOr2_rtl_0|altsyncram_rr01:auto_generated
 16. Parameter Settings for Inferred Entity Instance: jianpandujianma:A3|altsyncram:WideOr2_rtl_0
 17. altsyncram Parameter Settings by Entity Instance
 18. Analysis & Synthesis Messages
 19. Analysis & Synthesis Suppressed Messages



----------------
; Legal Notice ;
----------------
Copyright (C) 1991-2009 Altera Corporation
Your use of Altera Corporation's design tools, logic functions 
and other software and tools, and its AMPP partner logic 
functions, and any output files from any of the foregoing 
(including device programming or simulation files), and any 
associated documentation or information are expressly subject 
to the terms and conditions of the Altera Program License 
Subscription Agreement, Altera MegaCore Function License 
Agreement, or other applicable license agreement, including, 
without limitation, that your use is for the sole purpose of 
programming logic devices manufactured by Altera and sold by 
Altera or its authorized distributors.  Please refer to the 
applicable agreement for further details.



+------------------------------------------------------------------------------------+
; Analysis & Synthesis Summary                                                       ;
+------------------------------------+-----------------------------------------------+
; Analysis & Synthesis Status        ; Successful - Sat Apr 11 22:59:27 2015         ;
; Quartus II Version                 ; 9.0 Build 235 06/17/2009 SP 2 SJ Full Version ;
; Revision Name                      ; mimaqi_hxh                                    ;
; Top-level Entity Name              ; mimaqi_hxh                                    ;
; Family                             ; Cyclone II                                    ;
; Total logic elements               ; 372                                           ;
;     Total combinational functions  ; 300                                           ;
;     Dedicated logic registers      ; 239                                           ;
; Total registers                    ; 239                                           ;
; Total pins                         ; 39                                            ;
; Total virtual pins                 ; 0                                             ;
; Total memory bits                  ; 1,280                                         ;
; Embedded Multiplier 9-bit elements ; 0                                             ;
; Total PLLs                         ; 0                                             ;
+------------------------------------+-----------------------------------------------+


+--------------------------------------------------------------------------------------------------------+
; Analysis & Synthesis Settings                                                                          ;
+--------------------------------------------------------------+--------------------+--------------------+
; Option                                                       ; Setting            ; Default Value      ;
+--------------------------------------------------------------+--------------------+--------------------+
; Device                                                       ; EP2C5Q208C8        ;                    ;
; Top-level entity name                                        ; mimaqi_hxh         ; mimaqi_hxh         ;
; Family name                                                  ; Cyclone II         ; Stratix II         ;
; Use Generated Physical Constraints File                      ; Off                ;                    ;
; Use smart compilation                                        ; Off                ; Off                ;
; Restructure Multiplexers                                     ; Auto               ; Auto               ;
; Create Debugging Nodes for IP Cores                          ; Off                ; Off                ;
; Preserve fewer node names                                    ; On                 ; On                 ;
; Disable OpenCore Plus hardware evaluation                    ; Off                ; Off                ;
; Verilog Version                                              ; Verilog_2001       ; Verilog_2001       ;
; VHDL Version                                                 ; VHDL93             ; VHDL93             ;
; State Machine Processing                                     ; Auto               ; Auto               ;
; Safe State Machine                                           ; Off                ; Off                ;
; Extract Verilog State Machines                               ; On                 ; On                 ;
; Extract VHDL State Machines                                  ; On                 ; On                 ;
; Ignore Verilog initial constructs                            ; Off                ; Off                ;
; Iteration limit for constant Verilog loops                   ; 5000               ; 5000               ;
; Iteration limit for non-constant Verilog loops               ; 250                ; 250                ;
; Add Pass-Through Logic to Inferred RAMs                      ; On                 ; On                 ;
; Parallel Synthesis                                           ; Off                ; Off                ;
; DSP Block Balancing                                          ; Auto               ; Auto               ;
; NOT Gate Push-Back                                           ; On                 ; On                 ;
; Power-Up Don't Care                                          ; On                 ; On                 ;
; Remove Redundant Logic Cells                                 ; Off                ; Off                ;
; Remove Duplicate Registers                                   ; On                 ; On                 ;
; Ignore CARRY Buffers                                         ; Off                ; Off                ;
; Ignore CASCADE Buffers                                       ; Off                ; Off                ;
; Ignore GLOBAL Buffers                                        ; Off                ; Off                ;
; Ignore ROW GLOBAL Buffers                                    ; Off                ; Off                ;
; Ignore LCELL Buffers                                         ; Off                ; Off                ;
; Ignore SOFT Buffers                                          ; On                 ; On                 ;
; Limit AHDL Integers to 32 Bits                               ; Off                ; Off                ;
; Optimization Technique                                       ; Balanced           ; Balanced           ;
; Carry Chain Length                                           ; 70                 ; 70                 ;
; Auto Carry Chains                                            ; On                 ; On                 ;
; Auto Open-Drain Pins                                         ; On                 ; On                 ;
; Perform WYSIWYG Primitive Resynthesis                        ; Off                ; Off                ;
; Auto ROM Replacement                                         ; On                 ; On                 ;
; Auto RAM Replacement                                         ; On                 ; On                 ;
; Auto Shift Register Replacement                              ; Auto               ; Auto               ;
; Auto Clock Enable Replacement                                ; On                 ; On                 ;
; Strict RAM Replacement                                       ; Off                ; Off                ;
; Allow Synchronous Control Signals                            ; On                 ; On                 ;
; Force Use of Synchronous Clear Signals                       ; Off                ; Off                ;
; Auto RAM to Logic Cell Conversion                            ; Off                ; Off                ;
; Auto Resource Sharing                                        ; Off                ; Off                ;
; Allow Any RAM Size For Recognition                           ; Off                ; Off                ;
; Allow Any ROM Size For Recognition                           ; Off                ; Off                ;
; Allow Any Shift Register Size For Recognition                ; Off                ; Off                ;
; Use LogicLock Constraints during Resource Balancing          ; On                 ; On                 ;
; Ignore translate_off and synthesis_off directives            ; Off                ; Off                ;
; Timing-Driven Synthesis                                      ; Off                ; Off                ;
; Show Parameter Settings Tables in Synthesis Report           ; On                 ; On                 ;
; Ignore Maximum Fan-Out Assignments                           ; Off                ; Off                ;
; Synchronization Register Chain Length                        ; 2                  ; 2                  ;
; PowerPlay Power Optimization                                 ; Normal compilation ; Normal compilation ;
; HDL message level                                            ; Level2             ; Level2             ;
; Suppress Register Optimization Related Messages              ; Off                ; Off                ;
; Number of Removed Registers Reported in Synthesis Report     ; 100                ; 100                ;
; Number of Inverted Registers Reported in Synthesis Report    ; 100                ; 100                ;
; Clock MUX Protection                                         ; On                 ; On                 ;
; Auto Gated Clock Conversion                                  ; Off                ; Off                ;
; Block Design Naming                                          ; Auto               ; Auto               ;
; SDC constraint protection                                    ; Off                ; Off                ;
; Synthesis Effort                                             ; Auto               ; Auto               ;
; Shift Register Replacement - Allow Asynchronous Clear Signal ; On                 ; On                 ;
; Analysis & Synthesis Message Level                           ; Medium             ; Medium             ;
+--------------------------------------------------------------+--------------------+--------------------+


+-----------------------------------------------------------------------------------------------------------------------------------------------------------------------------+
; Analysis & Synthesis Source Files Read                                                                                                                                      ;
+----------------------------------+-----------------+------------------------------+-----------------------------------------------------------------------------------------+
; File Name with User-Entered Path ; Used in Netlist ; File Type                    ; File Name with Absolute Path                                                            ;
+----------------------------------+-----------------+------------------------------+-----------------------------------------------------------------------------------------+
; mimaqi_hxh.v                     ; yes             ; User Verilog HDL File        ; C:/Users/lenovo/Desktop/120240426/调整显示的密码器保护密码--终版/mimaqi_hxh.v           ;
; jianpandujianma.v                ; yes             ; User Verilog HDL File        ; C:/Users/lenovo/Desktop/120240426/调整显示的密码器保护密码--终版/jianpandujianma.v      ;
; xianshiluoji.v                   ; yes             ; User Verilog HDL File        ; C:/Users/lenovo/Desktop/120240426/调整显示的密码器保护密码--终版/xianshiluoji.v         ;
; shumaguan.v                      ; yes             ; User Verilog HDL File        ; C:/Users/lenovo/Desktop/120240426/调整显示的密码器保护密码--终版/shumaguan.v            ;
; mimabaocunyanzheng.v             ; yes             ; User Verilog HDL File        ; C:/Users/lenovo/Desktop/120240426/调整显示的密码器保护密码--终版/mimabaocunyanzheng.v   ;
; shengyin.v                       ; yes             ; User Verilog HDL File        ; C:/Users/lenovo/Desktop/120240426/调整显示的密码器保护密码--终版/shengyin.v             ;
; altsyncram.tdf                   ; yes             ; Megafunction                 ; d:/altera/90/quartus/libraries/megafunctions/altsyncram.tdf                             ;
; stratix_ram_block.inc            ; yes             ; Megafunction                 ; d:/altera/90/quartus/libraries/megafunctions/stratix_ram_block.inc                      ;
; lpm_mux.inc                      ; yes             ; Megafunction                 ; d:/altera/90/quartus/libraries/megafunctions/lpm_mux.inc                                ;
; lpm_decode.inc                   ; yes             ; Megafunction                 ; d:/altera/90/quartus/libraries/megafunctions/lpm_decode.inc                             ;
; aglobal90.inc                    ; yes             ; Megafunction                 ; d:/altera/90/quartus/libraries/megafunctions/aglobal90.inc                              ;
; a_rdenreg.inc                    ; yes             ; Megafunction                 ; d:/altera/90/quartus/libraries/megafunctions/a_rdenreg.inc                              ;
; altrom.inc                       ; yes             ; Megafunction                 ; d:/altera/90/quartus/libraries/megafunctions/altrom.inc                                 ;
; altram.inc                       ; yes             ; Megafunction                 ; d:/altera/90/quartus/libraries/megafunctions/altram.inc                                 ;
; altdpram.inc                     ; yes             ; Megafunction                 ; d:/altera/90/quartus/libraries/megafunctions/altdpram.inc                               ;
; altqpram.inc                     ; yes             ; Megafunction                 ; d:/altera/90/quartus/libraries/megafunctions/altqpram.inc                               ;
; db/altsyncram_rr01.tdf           ; yes             ; Auto-Generated Megafunction  ; C:/Users/lenovo/Desktop/120240426/调整显示的密码器保护密码--终版/db/altsyncram_rr01.tdf ;
+----------------------------------+-----------------+------------------------------+-----------------------------------------------------------------------------------------+


+---------------------------------------------------------------------------+
; Analysis & Synthesis Resource Usage Summary                               ;
+---------------------------------------------+-----------------------------+
; Resource                                    ; Usage                       ;
+---------------------------------------------+-----------------------------+
; Estimated Total logic elements              ; 372                         ;
;                                             ;                             ;
; Total combinational functions               ; 300                         ;
; Logic element usage by number of LUT inputs ;                             ;
;     -- 4 input functions                    ; 119                         ;
;     -- 3 input functions                    ; 24                          ;
;     -- <=2 input functions                  ; 157                         ;
;                                             ;                             ;
; Logic elements by mode                      ;                             ;
;     -- normal mode                          ; 210                         ;
;     -- arithmetic mode                      ; 90                          ;
;                                             ;                             ;
; Total registers                             ; 239                         ;
;     -- Dedicated logic registers            ; 239                         ;
;     -- I/O registers                        ; 0                           ;
;                                             ;                             ;
; I/O pins                                    ; 39                          ;
; Total memory bits                           ; 1280                        ;
; Maximum fan-out node                        ; jianpandujianma:A3|key_flag ;
; Maximum fan-out                             ; 97                          ;
; Total fan-out                               ; 1606                        ;
; Average fan-out                             ; 2.75                        ;
+---------------------------------------------+-----------------------------+


+---------------------------------------------------------------------------------------------------------------------------------------------------------------------------------------------------------------------------------------------------------------+
; Analysis & Synthesis Resource Utilization by Entity                                                                                                                                                                                                           ;
+-------------------------------------------+-------------------+--------------+-------------+--------------+---------+-----------+------+--------------+----------------------------------------------------------------------------------------+--------------+
; Compilation Hierarchy Node                ; LC Combinationals ; LC Registers ; Memory Bits ; DSP Elements ; DSP 9x9 ; DSP 18x18 ; Pins ; Virtual Pins ; Full Hierarchy Name                                                                    ; Library Name ;
+-------------------------------------------+-------------------+--------------+-------------+--------------+---------+-----------+------+--------------+----------------------------------------------------------------------------------------+--------------+
; |mimaqi_hxh                               ; 300 (18)          ; 239 (17)     ; 1280        ; 0            ; 0       ; 0         ; 39   ; 0            ; |mimaqi_hxh                                                                            ; work         ;
;    |jianpandujianma:A3|                   ; 42 (42)           ; 36 (36)      ; 1280        ; 0            ; 0       ; 0         ; 0    ; 0            ; |mimaqi_hxh|jianpandujianma:A3                                                         ; work         ;
;       |altsyncram:WideOr2_rtl_0|          ; 0 (0)             ; 0 (0)        ; 1280        ; 0            ; 0       ; 0         ; 0    ; 0            ; |mimaqi_hxh|jianpandujianma:A3|altsyncram:WideOr2_rtl_0                                ; work         ;
;          |altsyncram_rr01:auto_generated| ; 0 (0)             ; 0 (0)        ; 1280        ; 0            ; 0       ; 0         ; 0    ; 0            ; |mimaqi_hxh|jianpandujianma:A3|altsyncram:WideOr2_rtl_0|altsyncram_rr01:auto_generated ; work         ;
;    |mimabaocunyanzheng:A5|                ; 91 (91)           ; 78 (78)      ; 0           ; 0            ; 0       ; 0         ; 0    ; 0            ; |mimaqi_hxh|mimabaocunyanzheng:A5                                                      ; work         ;
;    |shengyin:A4|                          ; 67 (67)           ; 51 (51)      ; 0           ; 0            ; 0       ; 0         ; 0    ; 0            ; |mimaqi_hxh|shengyin:A4                                                                ; work         ;
;    |shumaguan:A2|                         ; 57 (57)           ; 23 (23)      ; 0           ; 0            ; 0       ; 0         ; 0    ; 0            ; |mimaqi_hxh|shumaguan:A2                                                               ; work         ;
;    |xianshiluoji:A1|                      ; 25 (25)           ; 34 (34)      ; 0           ; 0            ; 0       ; 0         ; 0    ; 0            ; |mimaqi_hxh|xianshiluoji:A1                                                            ; work         ;
+-------------------------------------------+-------------------+--------------+-------------+--------------+---------+-----------+------+--------------+----------------------------------------------------------------------------------------+--------------+
Note: For table entries with two numbers listed, the numbers in parentheses indicate the number of resources of the given type used by the specific entity alone. The numbers listed outside of parentheses indicate the total resources of the given type used by the specific entity and all of its sub-entities in the hierarchy.


+---------------------------------------------------------------------------------------------------------------------------------------------------------------------------------------------------------+
; Analysis & Synthesis RAM Summary                                                                                                                                                                        ;
+---------------------------------------------------------------------------------------+------+------+--------------+--------------+--------------+--------------+------+--------------------------------+
; Name                                                                                  ; Type ; Mode ; Port A Depth ; Port A Width ; Port B Depth ; Port B Width ; Size ; MIF                            ;
+---------------------------------------------------------------------------------------+------+------+--------------+--------------+--------------+--------------+------+--------------------------------+
; jianpandujianma:A3|altsyncram:WideOr2_rtl_0|altsyncram_rr01:auto_generated|ALTSYNCRAM ; AUTO ; ROM  ; 256          ; 5            ; --           ; --           ; 1280 ; mimaqi_hxh.mimaqi_hxh0.rtl.mif ;
+---------------------------------------------------------------------------------------+------+------+--------------+--------------+--------------+--------------+------+--------------------------------+


Encoding Type:  One-Hot
+-----------------------------------------------------------------------------------+
; State Machine - |mimaqi_hxh|jianpandujianma:A3|state                              ;
+-----------+-----------+-----------+-----------+-----------+-----------+-----------+
; Name      ; state.101 ; state.100 ; state.011 ; state.010 ; state.001 ; state.000 ;
+-----------+-----------+-----------+-----------+-----------+-----------+-----------+
; state.000 ; 0         ; 0         ; 0         ; 0         ; 0         ; 0         ;
; state.001 ; 0         ; 0         ; 0         ; 0         ; 1         ; 1         ;
; state.010 ; 0         ; 0         ; 0         ; 1         ; 0         ; 1         ;
; state.011 ; 0         ; 0         ; 1         ; 0         ; 0         ; 1         ;
; state.100 ; 0         ; 1         ; 0         ; 0         ; 0         ; 1         ;
; state.101 ; 1         ; 0         ; 0         ; 0         ; 0         ; 1         ;
+-----------+-----------+-----------+-----------+-----------+-----------+-----------+


+----------------------------------------------------------------------------------------+
; Registers Removed During Synthesis                                                     ;
+--------------------------------------------+-------------------------------------------+
; Register name                              ; Reason for Removal                        ;
+--------------------------------------------+-------------------------------------------+
; mimabaocunyanzheng:A5|led_0                ; Stuck at VCC due to stuck port data_in    ;
; mimabaocunyanzheng:A5|led_00               ; Stuck at VCC due to stuck port data_in    ;
; mimabaocunyanzheng:A5|led_000              ; Stuck at VCC due to stuck port data_in    ;
; mimabaocunyanzheng:A5|led_0000             ; Stuck at VCC due to stuck port data_in    ;
; mimabaocunyanzheng:A5|led_00000            ; Stuck at VCC due to stuck port data_in    ;
; mimabaocunyanzheng:A5|led_000000           ; Stuck at VCC due to stuck port data_in    ;
; mimabaocunyanzheng:A5|led_0000000          ; Stuck at VCC due to stuck port data_in    ;
; shumaguan:A2|segDataReg[4..7]              ; Stuck at GND due to stuck port data_in    ;
; mimabaocunyanzheng:A5|led_33               ; Merged with mimabaocunyanzheng:A5|led_333 ;
; shumaguan:A2|cnt1ms[0]                     ; Merged with shengyin:A4|cnt1ms[0]         ;
; mimabaocunyanzheng:A5|cnt1ms[0]            ; Merged with shengyin:A4|cnt1ms[0]         ;
; shumaguan:A2|cnt1ms[1]                     ; Merged with shengyin:A4|cnt1ms[1]         ;
; mimabaocunyanzheng:A5|cnt1ms[1]            ; Merged with shengyin:A4|cnt1ms[1]         ;
; shumaguan:A2|cnt1ms[2]                     ; Merged with shengyin:A4|cnt1ms[2]         ;
; mimabaocunyanzheng:A5|cnt1ms[2]            ; Merged with shengyin:A4|cnt1ms[2]         ;
; shumaguan:A2|cnt1ms[3]                     ; Merged with shengyin:A4|cnt1ms[3]         ;
; mimabaocunyanzheng:A5|cnt1ms[3]            ; Merged with shengyin:A4|cnt1ms[3]         ;
; shumaguan:A2|cnt1ms[4]                     ; Merged with shengyin:A4|cnt1ms[4]         ;
; mimabaocunyanzheng:A5|cnt1ms[4]            ; Merged with shengyin:A4|cnt1ms[4]         ;
; shumaguan:A2|cnt1ms[5]                     ; Merged with shengyin:A4|cnt1ms[5]         ;
; mimabaocunyanzheng:A5|cnt1ms[5]            ; Merged with shengyin:A4|cnt1ms[5]         ;
; shumaguan:A2|cnt1ms[6]                     ; Merged with shengyin:A4|cnt1ms[6]         ;
; mimabaocunyanzheng:A5|cnt1ms[6]            ; Merged with shengyin:A4|cnt1ms[6]         ;
; shumaguan:A2|cnt1ms[7]                     ; Merged with shengyin:A4|cnt1ms[7]         ;
; mimabaocunyanzheng:A5|cnt1ms[7]            ; Merged with shengyin:A4|cnt1ms[7]         ;
; shumaguan:A2|cnt1ms[8]                     ; Merged with shengyin:A4|cnt1ms[8]         ;
; mimabaocunyanzheng:A5|cnt1ms[8]            ; Merged with shengyin:A4|cnt1ms[8]         ;
; shumaguan:A2|cnt1ms[9]                     ; Merged with shengyin:A4|cnt1ms[9]         ;
; mimabaocunyanzheng:A5|cnt1ms[9]            ; Merged with shengyin:A4|cnt1ms[9]         ;
; shumaguan:A2|cnt1ms[10]                    ; Merged with shengyin:A4|cnt1ms[10]        ;
; mimabaocunyanzheng:A5|cnt1ms[10]           ; Merged with shengyin:A4|cnt1ms[10]        ;
; shumaguan:A2|cnt1ms[11]                    ; Merged with shengyin:A4|cnt1ms[11]        ;
; mimabaocunyanzheng:A5|cnt1ms[11]           ; Merged with shengyin:A4|cnt1ms[11]        ;
; shumaguan:A2|cnt1ms[12]                    ; Merged with shengyin:A4|cnt1ms[12]        ;
; mimabaocunyanzheng:A5|cnt1ms[12]           ; Merged with shengyin:A4|cnt1ms[12]        ;
; shumaguan:A2|cnt1ms[13]                    ; Merged with shengyin:A4|cnt1ms[13]        ;
; mimabaocunyanzheng:A5|cnt1ms[13]           ; Merged with shengyin:A4|cnt1ms[13]        ;
; shumaguan:A2|cnt1ms[14]                    ; Merged with shengyin:A4|cnt1ms[14]        ;
; mimabaocunyanzheng:A5|cnt1ms[14]           ; Merged with shengyin:A4|cnt1ms[14]        ;
; shumaguan:A2|cnt1ms[15]                    ; Merged with shengyin:A4|cnt1ms[15]        ;
; mimabaocunyanzheng:A5|cnt1ms[15]           ; Merged with shengyin:A4|cnt1ms[15]        ;
; mimabaocunyanzheng:A5|password_input_4[4]  ; Stuck at GND due to stuck port data_in    ;
; mimabaocunyanzheng:A5|password_change_4[4] ; Stuck at GND due to stuck port data_in    ;
; mimabaocunyanzheng:A5|password_input_3[4]  ; Stuck at GND due to stuck port data_in    ;
; mimabaocunyanzheng:A5|password_change_3[4] ; Stuck at GND due to stuck port data_in    ;
; mimabaocunyanzheng:A5|password_input_2[4]  ; Stuck at GND due to stuck port data_in    ;
; mimabaocunyanzheng:A5|password_change_2[4] ; Stuck at GND due to stuck port data_in    ;
; mimabaocunyanzheng:A5|password_4[4]        ; Stuck at GND due to stuck port data_in    ;
; mimabaocunyanzheng:A5|password_3[4]        ; Stuck at GND due to stuck port data_in    ;
; mimabaocunyanzheng:A5|password_2[4]        ; Stuck at GND due to stuck port data_in    ;
; mimabaocunyanzheng:A5|password_input_1[4]  ; Stuck at GND due to stuck port data_in    ;
; mimabaocunyanzheng:A5|password_change_1[4] ; Stuck at GND due to stuck port data_in    ;
; mimabaocunyanzheng:A5|password_1[4]        ; Stuck at GND due to stuck port data_in    ;
; jianpandujianma:A3|state~17                ; Lost fanout                               ;
; jianpandujianma:A3|state~18                ; Lost fanout                               ;
; jianpandujianma:A3|state~19                ; Lost fanout                               ;
; cnt[17..18]                                ; Lost fanout                               ;
; Total Number of Removed Registers = 61     ;                                           ;
+--------------------------------------------+-------------------------------------------+


+---------------------------------------------------------------------------------------------------------------------------------------------------+
; Removed Registers Triggering Further Register Optimizations                                                                                       ;
+-------------------------------------------+---------------------------+---------------------------------------------------------------------------+
; Register name                             ; Reason for Removal        ; Registers Removed due to This Register                                    ;
+-------------------------------------------+---------------------------+---------------------------------------------------------------------------+
; mimabaocunyanzheng:A5|password_input_4[4] ; Stuck at GND              ; mimabaocunyanzheng:A5|password_3[4], mimabaocunyanzheng:A5|password_2[4], ;
;                                           ; due to stuck port data_in ; mimabaocunyanzheng:A5|password_1[4]                                       ;
+-------------------------------------------+---------------------------+---------------------------------------------------------------------------+


+------------------------------------------------------+
; General Register Statistics                          ;
+----------------------------------------------+-------+
; Statistic                                    ; Value ;
+----------------------------------------------+-------+
; Total registers                              ; 239   ;
; Number of registers using Synchronous Clear  ; 16    ;
; Number of registers using Synchronous Load   ; 39    ;
; Number of registers using Asynchronous Clear ; 0     ;
; Number of registers using Asynchronous Load  ; 0     ;
; Number of registers using Clock Enable       ; 120   ;
; Number of registers using Preset             ; 0     ;
+----------------------------------------------+-------+


+--------------------------------------------------+
; Inverted Register Statistics                     ;
+----------------------------------------+---------+
; Inverted Register                      ; Fan out ;
+----------------------------------------+---------+
; mimabaocunyanzheng:A5|flag_time[0]     ; 9       ;
; mimabaocunyanzheng:A5|password_3[3]    ; 1       ;
; mimabaocunyanzheng:A5|password_4[3]    ; 1       ;
; mimabaocunyanzheng:A5|password_2[3]    ; 1       ;
; mimabaocunyanzheng:A5|password_1[3]    ; 1       ;
; Total number of inverted registers = 5 ;         ;
+----------------------------------------+---------+


+-----------------------------------------------------------------------+
; Registers Packed Into Inferred Megafunctions                          ;
+---------------------------------+------------------------------+------+
; Register Name                   ; Megafunction                 ; Type ;
+---------------------------------+------------------------------+------+
; jianpandujianma:A3|key_value[4] ; jianpandujianma:A3|WideOr2~0 ; ROM  ;
; jianpandujianma:A3|key_value[3] ; jianpandujianma:A3|WideOr2~0 ; ROM  ;
; jianpandujianma:A3|key_value[2] ; jianpandujianma:A3|WideOr2~0 ; ROM  ;
; jianpandujianma:A3|key_value[1] ; jianpandujianma:A3|WideOr2~0 ; ROM  ;
; jianpandujianma:A3|key_value[0] ; jianpandujianma:A3|WideOr2~0 ; ROM  ;
+---------------------------------+------------------------------+------+


+--------------------------------------------------------------------------------------------------------------------------------------------------------------+
; Multiplexer Restructuring Statistics (Restructuring Performed)                                                                                               ;
+--------------------+-----------+---------------+----------------------+------------------------+------------+------------------------------------------------+
; Multiplexer Inputs ; Bus Width ; Baseline Area ; Area if Restructured ; Saving if Restructured ; Registered ; Example Multiplexer Output                     ;
+--------------------+-----------+---------------+----------------------+------------------------+------------+------------------------------------------------+
; 4:1                ; 4 bits    ; 8 LEs         ; 8 LEs                ; 0 LEs                  ; Yes        ; |mimaqi_hxh|shumaguan:A2|segDataReg[2]         ;
; 3:1                ; 16 bits   ; 32 LEs        ; 16 LEs               ; 16 LEs                 ; Yes        ; |mimaqi_hxh|shengyin:A4|count_20[6]            ;
; 3:1                ; 16 bits   ; 32 LEs        ; 16 LEs               ; 16 LEs                 ; Yes        ; |mimaqi_hxh|shengyin:A4|count_05[5]            ;
; 4:1                ; 16 bits   ; 32 LEs        ; 32 LEs               ; 0 LEs                  ; Yes        ; |mimaqi_hxh|mimabaocunyanzheng:A5|count_15[4]  ;
; 16:1               ; 8 bits    ; 80 LEs        ; 72 LEs               ; 8 LEs                  ; Yes        ; |mimaqi_hxh|shumaguan:A2|segData[4]            ;
; 4:1                ; 2 bits    ; 4 LEs         ; 4 LEs                ; 0 LEs                  ; Yes        ; |mimaqi_hxh|mimabaocunyanzheng:A5|led_2        ;
; 6:1                ; 2 bits    ; 8 LEs         ; 4 LEs                ; 4 LEs                  ; Yes        ; |mimaqi_hxh|mimabaocunyanzheng:A5|flag_time[1] ;
; 5:1                ; 4 bits    ; 12 LEs        ; 8 LEs                ; 4 LEs                  ; Yes        ; |mimaqi_hxh|xianshiluoji:A1|lednum[0]          ;
; 7:1                ; 4 bits    ; 16 LEs        ; 8 LEs                ; 8 LEs                  ; Yes        ; |mimaqi_hxh|xianshiluoji:A1|lednum[15]         ;
; 7:1                ; 4 bits    ; 16 LEs        ; 8 LEs                ; 8 LEs                  ; Yes        ; |mimaqi_hxh|xianshiluoji:A1|lednum[11]         ;
; 7:1                ; 4 bits    ; 16 LEs        ; 8 LEs                ; 8 LEs                  ; Yes        ; |mimaqi_hxh|xianshiluoji:A1|lednum[5]          ;
+--------------------+-----------+---------------+----------------------+------------------------+------------+------------------------------------------------+


+---------------------------------------------------------------------------------------------------+
; Source assignments for jianpandujianma:A3|altsyncram:WideOr2_rtl_0|altsyncram_rr01:auto_generated ;
+---------------------------------+--------------------+------+-------------------------------------+
; Assignment                      ; Value              ; From ; To                                  ;
+---------------------------------+--------------------+------+-------------------------------------+
; OPTIMIZE_POWER_DURING_SYNTHESIS ; NORMAL_COMPILATION ; -    ; -                                   ;
+---------------------------------+--------------------+------+-------------------------------------+


+----------------------------------------------------------------------------------------------+
; Parameter Settings for Inferred Entity Instance: jianpandujianma:A3|altsyncram:WideOr2_rtl_0 ;
+------------------------------------+--------------------------------+------------------------+
; Parameter Name                     ; Value                          ; Type                   ;
+------------------------------------+--------------------------------+------------------------+
; BYTE_SIZE_BLOCK                    ; 8                              ; Untyped                ;
; AUTO_CARRY_CHAINS                  ; ON                             ; AUTO_CARRY             ;
; IGNORE_CARRY_BUFFERS               ; OFF                            ; IGNORE_CARRY           ;
; AUTO_CASCADE_CHAINS                ; ON                             ; AUTO_CASCADE           ;
; IGNORE_CASCADE_BUFFERS             ; OFF                            ; IGNORE_CASCADE         ;
; WIDTH_BYTEENA                      ; 1                              ; Untyped                ;
; OPERATION_MODE                     ; ROM                            ; Untyped                ;
; WIDTH_A                            ; 5                              ; Untyped                ;
; WIDTHAD_A                          ; 8                              ; Untyped                ;
; NUMWORDS_A                         ; 256                            ; Untyped                ;
; OUTDATA_REG_A                      ; UNREGISTERED                   ; Untyped                ;
; ADDRESS_ACLR_A                     ; NONE                           ; Untyped                ;
; OUTDATA_ACLR_A                     ; NONE                           ; Untyped                ;
; WRCONTROL_ACLR_A                   ; NONE                           ; Untyped                ;
; INDATA_ACLR_A                      ; NONE                           ; Untyped                ;
; BYTEENA_ACLR_A                     ; NONE                           ; Untyped                ;
; WIDTH_B                            ; 1                              ; Untyped                ;
; WIDTHAD_B                          ; 1                              ; Untyped                ;
; NUMWORDS_B                         ; 1                              ; Untyped                ;
; INDATA_REG_B                       ; CLOCK1                         ; Untyped                ;
; WRCONTROL_WRADDRESS_REG_B          ; CLOCK1                         ; Untyped                ;
; RDCONTROL_REG_B                    ; CLOCK1                         ; Untyped                ;
; ADDRESS_REG_B                      ; CLOCK1                         ; Untyped                ;
; OUTDATA_REG_B                      ; UNREGISTERED                   ; Untyped                ;
; BYTEENA_REG_B                      ; CLOCK1                         ; Untyped                ;
; INDATA_ACLR_B                      ; NONE                           ; Untyped                ;
; WRCONTROL_ACLR_B                   ; NONE                           ; Untyped                ;
; ADDRESS_ACLR_B                     ; NONE                           ; Untyped                ;
; OUTDATA_ACLR_B                     ; NONE                           ; Untyped                ;
; RDCONTROL_ACLR_B                   ; NONE                           ; Untyped                ;
; BYTEENA_ACLR_B                     ; NONE                           ; Untyped                ;
; WIDTH_BYTEENA_A                    ; 1                              ; Untyped                ;
; WIDTH_BYTEENA_B                    ; 1                              ; Untyped                ;
; RAM_BLOCK_TYPE                     ; AUTO                           ; Untyped                ;
; BYTE_SIZE                          ; 8                              ; Untyped                ;
; READ_DURING_WRITE_MODE_MIXED_PORTS ; DONT_CARE                      ; Untyped                ;
; READ_DURING_WRITE_MODE_PORT_A      ; NEW_DATA_NO_NBE_READ           ; Untyped                ;
; READ_DURING_WRITE_MODE_PORT_B      ; NEW_DATA_NO_NBE_READ           ; Untyped                ;
; INIT_FILE                          ; mimaqi_hxh.mimaqi_hxh0.rtl.mif ; Untyped                ;
; INIT_FILE_LAYOUT                   ; PORT_A                         ; Untyped                ;
; MAXIMUM_DEPTH                      ; 0                              ; Untyped                ;
; CLOCK_ENABLE_INPUT_A               ; NORMAL                         ; Untyped                ;
; CLOCK_ENABLE_INPUT_B               ; NORMAL                         ; Untyped                ;
; CLOCK_ENABLE_OUTPUT_A              ; NORMAL                         ; Untyped                ;
; CLOCK_ENABLE_OUTPUT_B              ; NORMAL                         ; Untyped                ;
; CLOCK_ENABLE_CORE_A                ; USE_INPUT_CLKEN                ; Untyped                ;
; CLOCK_ENABLE_CORE_B                ; USE_INPUT_CLKEN                ; Untyped                ;
; ENABLE_ECC                         ; FALSE                          ; Untyped                ;
; DEVICE_FAMILY                      ; Cyclone II                     ; Untyped                ;
; CBXI_PARAMETER                     ; altsyncram_rr01                ; Untyped                ;
+------------------------------------+--------------------------------+------------------------+
Note: In order to hide this table in the UI and the text report file, please set the "Show Parameter Settings Tables in Synthesis Report" option in "Analysis and Synthesis Settings -> More Settings" to "Off".


+-----------------------------------------------------------------------------------------+
; altsyncram Parameter Settings by Entity Instance                                        ;
+-------------------------------------------+---------------------------------------------+
; Name                                      ; Value                                       ;
+-------------------------------------------+---------------------------------------------+
; Number of entity instances                ; 1                                           ;
; Entity Instance                           ; jianpandujianma:A3|altsyncram:WideOr2_rtl_0 ;
;     -- OPERATION_MODE                     ; ROM                                         ;
;     -- WIDTH_A                            ; 5                                           ;
;     -- NUMWORDS_A                         ; 256                                         ;
;     -- OUTDATA_REG_A                      ; UNREGISTERED                                ;
;     -- WIDTH_B                            ; 1                                           ;
;     -- NUMWORDS_B                         ; 1                                           ;
;     -- ADDRESS_REG_B                      ; CLOCK1                                      ;
;     -- OUTDATA_REG_B                      ; UNREGISTERED                                ;
;     -- RAM_BLOCK_TYPE                     ; AUTO                                        ;
;     -- READ_DURING_WRITE_MODE_MIXED_PORTS ; DONT_CARE                                   ;
+-------------------------------------------+---------------------------------------------+


+-------------------------------+
; Analysis & Synthesis Messages ;
+-------------------------------+
Info: *******************************************************************
Info: Running Quartus II Analysis & Synthesis
    Info: Version 9.0 Build 235 06/17/2009 Service Pack 2 SJ Full Version
    Info: Processing started: Sat Apr 11 22:59:26 2015
Info: Command: quartus_map --read_settings_files=on --write_settings_files=off mimaqi_hxh -c mimaqi_hxh
Info: Found 1 design units, including 1 entities, in source file mimaqi_hxh.v
    Info: Found entity 1: mimaqi_hxh
Warning (10229): Verilog HDL Expression warning at jianpandujianma.v(37): truncated literal to match 15 bits
Warning (10238): Verilog Module Declaration warning at jianpandujianma.v(10): ignored anonymous port(s) indicated by duplicate or dangling comma(s) in the port list for module "jianpandujianma"
Info: Found 1 design units, including 1 entities, in source file jianpandujianma.v
    Info: Found entity 1: jianpandujianma
Info: Found 1 design units, including 1 entities, in source file xianshiluoji.v
    Info: Found entity 1: xianshiluoji
Info: Found 1 design units, including 1 entities, in source file shumaguan.v
    Info: Found entity 1: shumaguan
Info: Found 1 design units, including 1 entities, in source file mimabaocunyanzheng.v
    Info: Found entity 1: mimabaocunyanzheng
Info: Found 1 design units, including 1 entities, in source file shengyin.v
    Info: Found entity 1: shengyin
Info: Found 1 design units, including 1 entities, in source file fangdoudong.v
    Info: Found entity 1: Vibrate
Warning (10236): Verilog HDL Implicit Net warning at mimaqi_hxh.v(39): created implicit net for "key_ready"
Warning (10236): Verilog HDL Implicit Net warning at mimaqi_hxh.v(62): created implicit net for "k1"
Info: Elaborating entity "mimaqi_hxh" for the top level hierarchy
Info: Elaborating entity "xianshiluoji" for hierarchy "xianshiluoji:A1"
Warning (10036): Verilog HDL or VHDL warning at xianshiluoji.v(22): object "keypressdone" assigned a value but never read
Warning (10036): Verilog HDL or VHDL warning at xianshiluoji.v(23): object "keycode1" assigned a value but never read
Warning (10230): Verilog HDL assignment warning at xianshiluoji.v(38): truncated value with size 5 to match size of target (4)
Warning (10230): Verilog HDL assignment warning at xianshiluoji.v(38): truncated value with size 32 to match size of target (2)
Warning (10230): Verilog HDL assignment warning at xianshiluoji.v(39): truncated value with size 5 to match size of target (4)
Warning (10230): Verilog HDL assignment warning at xianshiluoji.v(39): truncated value with size 32 to match size of target (2)
Warning (10230): Verilog HDL assignment warning at xianshiluoji.v(40): truncated value with size 5 to match size of target (4)
Warning (10230): Verilog HDL assignment warning at xianshiluoji.v(40): truncated value with size 32 to match size of target (2)
Warning (10230): Verilog HDL assignment warning at xianshiluoji.v(41): truncated value with size 5 to match size of target (4)
Info: Elaborating entity "jianpandujianma" for hierarchy "jianpandujianma:A3"
Warning (10036): Verilog HDL or VHDL warning at jianpandujianma.v(21): object "jud_flag" assigned a value but never read
Warning (10230): Verilog HDL assignment warning at jianpandujianma.v(36): truncated value with size 32 to match size of target (16)
Warning (10235): Verilog HDL Always Construct warning at jianpandujianma.v(117): variable "keynum_1" is read inside the Always Construct but isn't in the Always Construct's Event Control
Warning (10235): Verilog HDL Always Construct warning at jianpandujianma.v(117): variable "outcol_reg" is read inside the Always Construct but isn't in the Always Construct's Event Control
Warning (10235): Verilog HDL Always Construct warning at jianpandujianma.v(117): variable "inrow_reg" is read inside the Always Construct but isn't in the Always Construct's Event Control
Warning (10235): Verilog HDL Always Construct warning at jianpandujianma.v(124): variable "outcol_reg" is read inside the Always Construct but isn't in the Always Construct's Event Control
Warning (10235): Verilog HDL Always Construct warning at jianpandujianma.v(124): variable "inrow_reg" is read inside the Always Construct but isn't in the Always Construct's Event Control
Warning (10240): Verilog HDL Always Construct warning at jianpandujianma.v(115): inferring latch(es) for variable "keynum_1", which holds its previous value in one or more paths through the always construct
Info: Elaborating entity "shumaguan" for hierarchy "shumaguan:A2"
Info: Elaborating entity "mimabaocunyanzheng" for hierarchy "mimabaocunyanzheng:A5"
Warning (10230): Verilog HDL assignment warning at mimabaocunyanzheng.v(75): truncated value with size 32 to match size of target (3)
Warning (10230): Verilog HDL assignment warning at mimabaocunyanzheng.v(105): truncated value with size 32 to match size of target (3)
Warning (10230): Verilog HDL assignment warning at mimabaocunyanzheng.v(141): truncated value with size 32 to match size of target (16)
Info: Elaborating entity "shengyin" for hierarchy "shengyin:A4"
Warning (10230): Verilog HDL assignment warning at shengyin.v(39): truncated value with size 32 to match size of target (16)
Info: Inferred 1 megafunctions from design logic
    Info: Inferred altsyncram megafunction from the following design logic: "jianpandujianma:A3|WideOr2~0"
        Info: Parameter OPERATION_MODE set to ROM
        Info: Parameter WIDTH_A set to 5
        Info: Parameter WIDTHAD_A set to 8
        Info: Parameter NUMWORDS_A set to 256
        Info: Parameter OUTDATA_REG_A set to UNREGISTERED
        Info: Parameter RAM_BLOCK_TYPE set to AUTO
        Info: Parameter INIT_FILE set to mimaqi_hxh.mimaqi_hxh0.rtl.mif
Info: Elaborated megafunction instantiation "jianpandujianma:A3|altsyncram:WideOr2_rtl_0"
Info: Instantiated megafunction "jianpandujianma:A3|altsyncram:WideOr2_rtl_0" with the following parameter:
    Info: Parameter "OPERATION_MODE" = "ROM"
    Info: Parameter "WIDTH_A" = "5"
    Info: Parameter "WIDTHAD_A" = "8"
    Info: Parameter "NUMWORDS_A" = "256"
    Info: Parameter "OUTDATA_REG_A" = "UNREGISTERED"
    Info: Parameter "RAM_BLOCK_TYPE" = "AUTO"
    Info: Parameter "INIT_FILE" = "mimaqi_hxh.mimaqi_hxh0.rtl.mif"
Info: Found 1 design units, including 1 entities, in source file db/altsyncram_rr01.tdf
    Info: Found entity 1: altsyncram_rr01
Warning: Output pins are stuck at VCC or GND
    Warning (13410): Pin "led_0" is stuck at VCC
    Warning (13410): Pin "led_00" is stuck at VCC
    Warning (13410): Pin "led_000" is stuck at VCC
    Warning (13410): Pin "led_0000" is stuck at VCC
    Warning (13410): Pin "led_00000" is stuck at VCC
    Warning (13410): Pin "led_000000" is stuck at VCC
    Warning (13410): Pin "led_0000000" is stuck at VCC
Info: 5 registers lost all their fanouts during netlist optimizations. The first 5 are displayed below.
    Info: Register "jianpandujianma:A3|state~17" lost all its fanouts during netlist optimizations.
    Info: Register "jianpandujianma:A3|state~18" lost all its fanouts during netlist optimizations.
    Info: Register "jianpandujianma:A3|state~19" lost all its fanouts during netlist optimizations.
    Info: Register "cnt[17]" lost all its fanouts during netlist optimizations.
    Info: Register "cnt[18]" lost all its fanouts during netlist optimizations.
Info: Generated suppressed messages file C:/Users/lenovo/Desktop/120240426/调整显示的密码器保护密码--终版/mimaqi_hxh.map.smsg
Warning: Design contains 1 input pin(s) that do not drive logic
    Warning (15610): No output dependent on input pin "rst"
Info: Implemented 417 device resources after synthesis - the final resource count might be different
    Info: Implemented 6 input pins
    Info: Implemented 33 output pins
    Info: Implemented 373 logic cells
    Info: Implemented 5 RAM segments
Info: Quartus II Analysis & Synthesis was successful. 0 errors, 35 warnings
    Info: Peak virtual memory: 219 megabytes
    Info: Processing ended: Sat Apr 11 22:59:27 2015
    Info: Elapsed time: 00:00:01
    Info: Total CPU time (on all processors): 00:00:01


+------------------------------------------+
; Analysis & Synthesis Suppressed Messages ;
+------------------------------------------+
The suppressed messages can be found in C:/Users/lenovo/Desktop/120240426/调整显示的密码器保护密码--终版/mimaqi_hxh.map.smsg.


