Fitter report for mimasuo240401
Mon Apr 14 12:16:58 2014
Quartus II 64-Bit Version 9.0 Build 132 02/25/2009 SJ Full Version


---------------------
; Table of Contents ;
---------------------
  1. Legal Notice
  2. Fitter Summary
  3. Fitter Settings
  4. Parallel Compilation
  5. Fitter Device Options
  6. Fitter Messages



----------------
; Legal Notice ;
----------------
Copyright (C) 1991-2009 Altera Corporation
Your use of Altera Corporation's design tools, logic functions 
and other software and tools, and its AMPP partner logic 
functions, and any output files from any of the foregoing 
(including device programming or simulation files), and any 
associated documentation or information are expressly subject 
to the terms and conditions of the Altera Program License 
Subscription Agreement, Altera MegaCore Function License 
Agreement, or other applicable license agreement, including, 
without limitation, that your use is for the sole purpose of 
programming logic devices manufactured by Altera and sold by 
Altera or its authorized distributors.  Please refer to the 
applicable agreement for further details.



+-------------------------------------------------------------------------------+
; Fitter Summary                                                                ;
+------------------------------------+------------------------------------------+
; Fitter Status                      ; Failed - Mon Apr 14 12:16:58 2014        ;
; Quartus II 64-Bit Version          ; 9.0 Build 132 02/25/2009 SJ Full Version ;
; Revision Name                      ; mimasuo240401                            ;
; Top-level Entity Name              ; mimasuo240401                            ;
; Family                             ; Cyclone II                               ;
; Device                             ; EP2C5Q208C8                              ;
; Timing Models                      ; Final                                    ;
; Total logic elements               ; 372                                      ;
;     Total combinational functions  ; 288                                      ;
;     Dedicated logic registers      ; 244                                      ;
; Total registers                    ; 244                                      ;
; Total pins                         ; 39                                       ;
; Total virtual pins                 ; 0                                        ;
; Total memory bits                  ; 1,280                                    ;
; Embedded Multiplier 9-bit elements ; 0                                        ;
; Total PLLs                         ; 0                                        ;
+------------------------------------+------------------------------------------+


+--------------------------------------------------------------------------------------------------------------------------------------+
; Fitter Settings                                                                                                                      ;
+--------------------------------------------------------------------+--------------------------------+--------------------------------+
; Option                                                             ; Setting                        ; Default Value                  ;
+--------------------------------------------------------------------+--------------------------------+--------------------------------+
; Device                                                             ; EP2C5Q208C8                    ;                                ;
; Minimum Core Junction Temperature                                  ; 0                              ;                                ;
; Maximum Core Junction Temperature                                  ; 85                             ;                                ;
; Fit Attempts to Skip                                               ; 0                              ; 0.0                            ;
; Device I/O Standard                                                ; 3.3-V LVTTL                    ;                                ;
; Use smart compilation                                              ; Off                            ; Off                            ;
; Use TimeQuest Timing Analyzer                                      ; Off                            ; Off                            ;
; Router Timing Optimization Level                                   ; Normal                         ; Normal                         ;
; Placement Effort Multiplier                                        ; 1.0                            ; 1.0                            ;
; Router Effort Multiplier                                           ; 1.0                            ; 1.0                            ;
; Always Enable Input Buffers                                        ; Off                            ; Off                            ;
; Optimize Hold Timing                                               ; IO Paths and Minimum TPD Paths ; IO Paths and Minimum TPD Paths ;
; Optimize Multi-Corner Timing                                       ; Off                            ; Off                            ;
; PowerPlay Power Optimization                                       ; Normal compilation             ; Normal compilation             ;
; Optimize Timing                                                    ; Normal compilation             ; Normal compilation             ;
; Optimize Timing for ECOs                                           ; Off                            ; Off                            ;
; Regenerate full fit report during ECO compiles                     ; Off                            ; Off                            ;
; Optimize IOC Register Placement for Timing                         ; On                             ; On                             ;
; Limit to One Fitting Attempt                                       ; Off                            ; Off                            ;
; Final Placement Optimizations                                      ; Automatically                  ; Automatically                  ;
; Fitter Aggressive Routability Optimizations                        ; Automatically                  ; Automatically                  ;
; Fitter Initial Placement Seed                                      ; 1                              ; 1                              ;
; PCI I/O                                                            ; Off                            ; Off                            ;
; Weak Pull-Up Resistor                                              ; Off                            ; Off                            ;
; Enable Bus-Hold Circuitry                                          ; Off                            ; Off                            ;
; Auto Global Memory Control Signals                                 ; Off                            ; Off                            ;
; Auto Packed Registers                                              ; Auto                           ; Auto                           ;
; Auto Delay Chains                                                  ; On                             ; On                             ;
; Auto Merge PLLs                                                    ; On                             ; On                             ;
; Ignore PLL Mode When Merging PLLs                                  ; Off                            ; Off                            ;
; Perform Physical Synthesis for Combinational Logic for Fitting     ; Off                            ; Off                            ;
; Perform Physical Synthesis for Combinational Logic for Performance ; Off                            ; Off                            ;
; Perform Register Duplication for Performance                       ; Off                            ; Off                            ;
; Perform Logic to Memory Mapping for Fitting                        ; Off                            ; Off                            ;
; Perform Register Retiming for Performance                          ; Off                            ; Off                            ;
; Perform Asynchronous Signal Pipelining                             ; Off                            ; Off                            ;
; Fitter Effort                                                      ; Auto Fit                       ; Auto Fit                       ;
; Physical Synthesis Effort Level                                    ; Normal                         ; Normal                         ;
; Auto Global Clock                                                  ; On                             ; On                             ;
; Auto Global Register Control Signals                               ; On                             ; On                             ;
; Stop After Congestion Map Generation                               ; Off                            ; Off                            ;
; Save Intermediate Fitting Results                                  ; Off                            ; Off                            ;
; Force Fitter to Avoid Periphery Placement Warnings                 ; Off                            ; Off                            ;
+--------------------------------------------------------------------+--------------------------------+--------------------------------+


+------------------------------------------+
; Parallel Compilation                     ;
+----------------------------+-------------+
; Processors                 ; Number      ;
+----------------------------+-------------+
; Number detected on machine ; 2           ;
; Maximum allowed            ; 2           ;
;                            ;             ;
; Average used               ; 1.00        ;
; Maximum used               ; 1           ;
;                            ;             ;
; Usage by Processor         ; % Time Used ;
;     1 processor            ; 100.0%      ;
;     2 processors           ;   0.0%      ;
+----------------------------+-------------+


+---------------------------------------------------------------+
; Fitter Device Options                                         ;
+----------------------------------------------+----------------+
; Option                                       ; Setting        ;
+----------------------------------------------+----------------+
; Enable user-supplied start-up clock (CLKUSR) ; Off            ;
; Enable device-wide reset (DEV_CLRn)          ; Off            ;
; Enable device-wide output enable (DEV_OE)    ; Off            ;
; Enable INIT_DONE output                      ; Off            ;
; Configuration scheme                         ; Passive Serial ;
; Error detection CRC                          ; Off            ;
; nCEO                                         ; Unreserved     ;
; ASDO,nCSO                                    ; Unreserved     ;
; Reserve all unused pins                      ; Unreserved     ;
; Base pin-out file on sameframe device        ; Off            ;
+----------------------------------------------+----------------+


+-----------------+
; Fitter Messages ;
+-----------------+
Info: *******************************************************************
Info: Running Quartus II 64-Bit Fitter
    Info: Version 9.0 Build 132 02/25/2009 SJ Full Version
    Info: Processing started: Mon Apr 14 12:16:58 2014
Info: Command: quartus_fit --read_settings_files=off --write_settings_files=off mimasuo240401 -c mimasuo240401
Info: Parallel compilation is enabled and will use 2 of the 2 processors detected
Warning: FLEXlm software error: Invalid (inconsistent) license key.  The license key and data for the feature do not match.  This usually happens when a license file has been altered. Feature:       quartus License path:  c:/altera/90/quartus/bin64/license.dat FLEXnet Licensing error:-8,523 For further information, refer to the FLEXnet Licensing End User Guide, available at "www.macrovision.com".
Error: Current license file does not support the EP2C5Q208C8 device
Error: Quartus II 64-Bit Fitter was unsuccessful. 1 error, 1 warning
    Error: Peak virtual memory: 263 megabytes
    Error: Processing ended: Mon Apr 14 12:16:58 2014
    Error: Elapsed time: 00:00:00
    Error: Total CPU time (on all processors): 00:00:00


